Usage: ./mandelbrot width height x_left y_lower x_right y_upper max_iterations
--------------------------------------------------------------------------
Primary job  terminated normally, but 1 process returned
a non-zero exit code. Per user-direction, the job has been aborted.
--------------------------------------------------------------------------
[thin007:673180:0:673180] Caught signal 11 (Segmentation fault: address not mapped to object at address 0x14b9b92fb1c0)
Inconsistency detected by ld.so: dl-open.c: 581: dl_open_worker_begin: Assertion `_dl_debug_update (args->nsid)->r_state == RT_CONSISTENT' failed!
[thin007:673186:0:673186] Caught signal 11 (Segmentation fault: address not mapped to object at address 0x14956cafb1c0)
[thin007:673188:0:673188] Caught signal 11 (Segmentation fault: address not mapped to object at address 0x146e88afb1c0)
[thin007:673202:0:673202] Caught signal 11 (Segmentation fault: address not mapped to object at address 0x14af0bcfb1c0)
[thin007:673205:0:673205] Caught signal 11 (Segmentation fault: address not mapped to object at address 0x14950b8fb1c0)
[thin007:673164:0:673164] Caught signal 11 (Segmentation fault: address not mapped to object at address 0x1465bbcfb1c0)
Inconsistency detected by ld.so: dl-open.c: 581: dl_open_worker_begin: Assertion `_dl_debug_update (args->nsid)->r_state == RT_CONSISTENT' failed!
[thin007:673211:0:673211] Caught signal 11 (Segmentation fault: address not mapped to object at address 0x154f274fb1c0)
[thin008:4109780:0:4109780] Caught signal 11 (Segmentation fault: address not mapped to object at address 0x1481b68fb1c0)
[thin008:4109817:0:4109817] Caught signal 11 (Segmentation fault: address not mapped to object at address 0x152c42cfb1c0)
[thin008:4109822:0:4109822] Caught signal 11 (Segmentation fault: address not mapped to object at address 0x14fb6b4fb1c0)
[thin008:4109830:0:4109830] Caught signal 11 (Segmentation fault: address not mapped to object at address 0x1476d90fb1c0)
[thin008:4109775:0:4109775] Caught signal 11 (Segmentation fault: address not mapped to object at address 0x14d0ffcfb1c0)
--------------------------------------------------------------------------
mpirun detected that one or more processes exited with non-zero status, thus causing
the job to be terminated. The first process to do so was:

  Process name: [[36407,1],1]
  Exit code:    1
--------------------------------------------------------------------------
