Running with 1 MPI tasks.
Running with 2 MPI tasks.
Running with 3 MPI tasks.
[thin007:3605311] *** An error occurred in MPI_Gather
[thin007:3605311] *** reported by process [3360030721,0]
[thin007:3605311] *** on communicator MPI_COMM_WORLD
[thin007:3605311] *** MPI_ERR_TRUNCATE: message truncated
[thin007:3605311] *** MPI_ERRORS_ARE_FATAL (processes in this communicator will now abort,
[thin007:3605311] ***    and potentially your MPI job)
Running with 4 MPI tasks.
Running with 5 MPI tasks.
Running with 6 MPI tasks.
[thin007:3605404] *** An error occurred in MPI_Gather
[thin007:3605404] *** reported by process [3370188801,0]
[thin007:3605404] *** on communicator MPI_COMM_WORLD
[thin007:3605404] *** MPI_ERR_TRUNCATE: message truncated
[thin007:3605404] *** MPI_ERRORS_ARE_FATAL (processes in this communicator will now abort,
[thin007:3605404] ***    and potentially your MPI job)
Running with 7 MPI tasks.
[thin007:3605448] *** An error occurred in MPI_Gather
[thin007:3605448] *** reported by process [3368878081,0]
[thin007:3605448] *** on communicator MPI_COMM_WORLD
[thin007:3605448] *** MPI_ERR_TRUNCATE: message truncated
[thin007:3605448] *** MPI_ERRORS_ARE_FATAL (processes in this communicator will now abort,
[thin007:3605448] ***    and potentially your MPI job)
Running with 8 MPI tasks.
Running with 9 MPI tasks.
[thin007:3605545] *** An error occurred in MPI_Gather
[thin007:3605545] *** reported by process [3479961601,0]
[thin007:3605545] *** on communicator MPI_COMM_WORLD
[thin007:3605545] *** MPI_ERR_TRUNCATE: message truncated
[thin007:3605545] *** MPI_ERRORS_ARE_FATAL (processes in this communicator will now abort,
[thin007:3605545] ***    and potentially your MPI job)
Running with 10 MPI tasks.
Running with 11 MPI tasks.
Running with 12 MPI tasks.
Running with 13 MPI tasks.
Running with 14 MPI tasks.
Running with 15 MPI tasks.
Running with 16 MPI tasks.
Running with 17 MPI tasks.
[thin007:3606135] *** An error occurred in MPI_Gather
[thin007:3606135] *** reported by process [3441295361,0]
[thin007:3606135] *** on communicator MPI_COMM_WORLD
[thin007:3606135] *** MPI_ERR_TRUNCATE: message truncated
[thin007:3606135] *** MPI_ERRORS_ARE_FATAL (processes in this communicator will now abort,
[thin007:3606135] ***    and potentially your MPI job)
Running with 18 MPI tasks.
Running with 19 MPI tasks.
Running with 20 MPI tasks.
Running with 21 MPI tasks.
Running with 22 MPI tasks.
Running with 23 MPI tasks.
Running with 24 MPI tasks.
Running with 25 MPI tasks.
Running with 26 MPI tasks.
Running with 27 MPI tasks.
Running with 28 MPI tasks.
Running with 29 MPI tasks.
Running with 30 MPI tasks.
Running with 31 MPI tasks.
Running with 32 MPI tasks.
Running with 33 MPI tasks.
[thin007:3608195] *** An error occurred in MPI_Gather
[thin007:3608195] *** reported by process [3305832449,0]
[thin007:3608195] *** on communicator MPI_COMM_WORLD
[thin007:3608195] *** MPI_ERR_TRUNCATE: message truncated
[thin007:3608195] *** MPI_ERRORS_ARE_FATAL (processes in this communicator will now abort,
[thin007:3608195] ***    and potentially your MPI job)
Running with 34 MPI tasks.
slurmstepd: error: *** JOB 411410 ON thin007 CANCELLED AT 2024-05-02T17:10:39 ***
