2, 2, 0.26
2, 4, 0.18
2, 8, 0.18
2, 16, 0.19
2, 32, 0.23
2, 64, 0.22
2, 128, 0.30
2, 256, 0.29
2, 512, 0.34
2, 1024, 0.40
2, 2048, 0.50
2, 4096, 0.79
2, 8192, 1.32
2, 16384, 2.43
2, 32768, 4.27
2, 65536, 8.07
2, 131072, 15.08
2, 262144, 23.99
2, 524288, 54.82
2, 1048576, 155.16
4, 2, 0.42
4, 4, 0.37
4, 8, 0.38
4, 16, 0.39
4, 32, 0.43
4, 64, 0.45
4, 128, 0.54
4, 256, 0.59
4, 512, 0.68
4, 1024, 0.80
4, 2048, 1.13
4, 4096, 1.65
4, 8192, 2.78
4, 16384, 4.71
4, 32768, 8.32
4, 65536, 15.37
4, 131072, 31.98
4, 262144, 66.49
4, 524288, 143.30
4, 1048576, 302.59
6, 2, 0.42
6, 4, 0.40
6, 8, 0.41
6, 16, 0.42
6, 32, 0.44
6, 64, 0.46
6, 128, 0.54
6, 256, 0.60
6, 512, 0.69
6, 1024, 0.82
6, 2048, 1.15
6, 4096, 1.86
6, 8192, 3.03
6, 16384, 5.24
6, 32768, 9.40
6, 65536, 17.18
6, 131072, 42.40
6, 262144, 97.97
6, 524288, 200.12
6, 1048576, 458.49
8, 2, 0.50
8, 4, 0.49
8, 8, 0.50
8, 16, 0.51
8, 32, 0.51
8, 64, 0.62
8, 128, 0.68
8, 256, 0.80
8, 512, 0.93
8, 1024, 1.13
8, 2048, 1.53
8, 4096, 2.35
8, 8192, 3.81
8, 16384, 6.70
8, 32768, 11.82
8, 65536, 22.84
8, 131072, 50.44
8, 262144, 111.98
8, 524288, 231.03
8, 1048576, 677.35
10, 2, 0.44
10, 4, 0.46
10, 8, 0.44
10, 16, 0.48
10, 32, 0.50
10, 64, 0.55
10, 128, 0.72
10, 256, 0.74
10, 512, 0.92
10, 1024, 1.03
10, 2048, 1.45
10, 4096, 2.34
10, 8192, 3.75
10, 16384, 6.62
10, 32768, 11.66
10, 65536, 22.89
10, 131072, 59.27
10, 262144, 129.51
10, 524288, 277.06
10, 1048576, 914.26
12, 2, 0.46
12, 4, 0.44
12, 8, 0.46
12, 16, 0.48
12, 32, 0.52
12, 64, 0.55
12, 128, 0.71
12, 256, 0.75
12, 512, 0.86
12, 1024, 1.09
12, 2048, 1.57
12, 4096, 2.52
12, 8192, 4.12
12, 16384, 7.28
12, 32768, 13.08
12, 65536, 29.03
12, 131072, 62.82
12, 262144, 139.48
12, 524288, 338.78
12, 1048576, 1058.85
14, 2, 0.53
14, 4, 0.53
14, 8, 0.56
14, 16, 0.59
14, 32, 0.64
14, 64, 0.91
14, 128, 0.88
14, 256, 0.93
14, 512, 1.10
14, 1024, 1.36
14, 2048, 1.89
14, 4096, 2.99
14, 8192, 4.88
14, 16384, 8.39
14, 32768, 15.59
14, 65536, 31.82
14, 131072, 69.28
14, 262144, 156.62
14, 524288, 402.56
14, 1048576, 1162.36
16, 2, 0.66
16, 4, 0.69
16, 8, 0.70
16, 16, 0.76
16, 32, 0.87
16, 64, 1.08
16, 128, 1.10
16, 256, 1.20
16, 512, 1.33
16, 1024, 1.68
16, 2048, 2.37
16, 4096, 3.80
16, 8192, 6.19
16, 16384, 10.79
16, 32768, 20.69
16, 65536, 41.35
16, 131072, 112.19
16, 262144, 217.58
16, 524288, 478.86
16, 1048576, 1224.24
18, 2, 0.65
18, 4, 0.65
18, 8, 0.67
18, 16, 0.70
18, 32, 1.04
18, 64, 0.94
18, 128, 1.04
18, 256, 1.12
18, 512, 1.29
18, 1024, 1.58
18, 2048, 2.38
18, 4096, 3.74
18, 8192, 6.10
18, 16384, 10.82
18, 32768, 20.97
18, 65536, 41.41
18, 131072, 109.90
18, 262144, 257.17
18, 524288, 595.53
18, 1048576, 1425.65
20, 2, 0.65
20, 4, 0.67
20, 8, 0.70
20, 16, 0.72
20, 32, 0.83
20, 64, 0.96
20, 128, 1.06
20, 256, 1.18
20, 512, 1.30
20, 1024, 1.63
20, 2048, 2.34
20, 4096, 3.88
20, 8192, 6.33
20, 16384, 11.14
20, 32768, 21.97
20, 65536, 50.86
20, 131072, 132.99
20, 262144, 242.27
20, 524288, 613.61
20, 1048576, 1413.38
22, 2, 0.64
22, 4, 0.64
22, 8, 0.68
22, 16, 0.70
22, 32, 0.82
22, 64, 0.91
22, 128, 1.02
22, 256, 1.10
22, 512, 1.21
22, 1024, 1.60
22, 2048, 2.42
22, 4096, 3.86
22, 8192, 6.51
22, 16384, 11.83
22, 32768, 22.79
22, 65536, 48.28
22, 131072, 113.63
22, 262144, 260.78
22, 524288, 618.87
22, 1048576, 1559.24
24, 2, 0.69
24, 4, 0.71
24, 8, 0.73
24, 16, 1.03
24, 32, 0.85
24, 64, 0.94
24, 128, 1.12
24, 256, 1.17
24, 512, 1.36
24, 1024, 1.71
24, 2048, 2.55
24, 4096, 4.21
24, 8192, 6.91
24, 16384, 12.90
24, 32768, 24.78
24, 65536, 62.78
24, 131072, 112.90
24, 262144, 256.77
24, 524288, 699.55
24, 1048576, 1502.06
26, 2, 0.68
26, 4, 0.68
26, 8, 0.91
26, 16, 0.74
26, 32, 0.81
26, 64, 0.94
26, 128, 1.07
26, 256, 1.14
26, 512, 1.31
26, 1024, 1.77
26, 2048, 2.50
26, 4096, 4.04
26, 8192, 6.85
26, 16384, 12.45
26, 32768, 24.57
26, 65536, 55.75
26, 131072, 119.89
26, 262144, 268.64
26, 524288, 687.70
26, 1048576, 1555.37
28, 2, 0.73
28, 4, 0.77
28, 8, 1.08
28, 16, 0.81
28, 32, 0.88
28, 64, 1.02
28, 128, 1.13
28, 256, 1.23
28, 512, 1.42
28, 1024, 1.87
28, 2048, 2.68
28, 4096, 4.26
28, 8192, 7.17
28, 16384, 13.21
28, 32768, 27.79
28, 65536, 59.79
28, 131072, 119.66
28, 262144, 263.73
28, 524288, 654.32
28, 1048576, 1475.64
30, 2, 0.73
30, 4, 0.76
30, 8, 0.80
30, 16, 0.77
30, 32, 0.84
30, 64, 1.00
30, 128, 1.11
30, 256, 1.23
30, 512, 1.42
30, 1024, 1.88
30, 2048, 2.70
30, 4096, 4.52
30, 8192, 7.48
30, 16384, 14.09
30, 32768, 26.30
30, 65536, 53.69
30, 131072, 120.01
30, 262144, 257.44
30, 524288, 641.12
30, 1048576, 1456.55
32, 2, 0.80
32, 4, 0.81
32, 8, 1.25
32, 16, 0.84
32, 32, 0.96
32, 64, 1.10
32, 128, 1.27
32, 256, 1.38
32, 512, 1.62
32, 1024, 2.09
32, 2048, 3.08
32, 4096, 4.95
32, 8192, 8.41
32, 16384, 14.50
32, 32768, 26.36
32, 65536, 54.69
32, 131072, 115.96
32, 262144, 255.01
32, 524288, 626.89
32, 1048576, 3371.27
34, 2, 0.70
34, 4, 0.71
34, 8, 0.86
34, 16, 0.74
34, 32, 0.92
34, 64, 1.02
34, 128, 1.09
34, 256, 1.27
34, 512, 1.50
34, 1024, 1.95
34, 2048, 2.85
34, 4096, 4.76
34, 8192, 8.13
34, 16384, 14.51
34, 32768, 24.87
34, 65536, 50.39
34, 131072, 130.60
34, 262144, 293.12
34, 524288, 730.24
34, 1048576, 3711.00
36, 2, 0.67
36, 4, 0.67
36, 8, 0.86
36, 16, 0.76
36, 32, 0.90
36, 64, 1.01
36, 128, 1.10
36, 256, 1.23
36, 512, 1.45
36, 1024, 1.92
36, 2048, 2.85
36, 4096, 4.70
36, 8192, 8.23
36, 16384, 14.36
36, 32768, 24.37
36, 65536, 58.46
36, 131072, 125.05
36, 262144, 280.34
36, 524288, 705.01
slurmstepd: error: *** JOB 351476 ON thin001 CANCELLED AT 2024-02-10T16:59:23 DUE TO TIME LIMIT ***
