2, 2, 0.38
2, 4, 0.36
2, 8, 0.36
2, 16, 0.36
2, 32, 0.55
2, 64, 0.49
2, 128, 0.77
2, 256, 0.83
2, 512, 0.91
2, 1024, 1.02
2, 2048, 1.40
2, 4096, 2.04
2, 8192, 3.32
2, 16384, 3.53
2, 32768, 6.12
2, 65536, 7.19
2, 131072, 10.05
2, 262144, 15.97
2, 524288, 29.08
2, 1048576, 62.60
4, 2, 0.85
4, 4, 0.81
4, 8, 0.83
4, 16, 0.83
4, 32, 1.23
4, 64, 1.22
4, 128, 1.85
4, 256, 1.88
4, 512, 2.15
4, 1024, 2.59
4, 2048, 3.53
4, 4096, 5.34
4, 8192, 8.44
4, 16384, 16.60
4, 32768, 27.34
4, 65536, 42.64
4, 131072, 73.83
4, 262144, 135.74
4, 524288, 255.32
4, 1048576, 495.46
6, 2, 1.47
6, 4, 1.44
6, 8, 1.43
6, 16, 1.42
6, 32, 2.34
6, 64, 1.97
6, 128, 3.12
6, 256, 3.17
6, 512, 3.66
6, 1024, 4.30
6, 2048, 5.80
6, 4096, 8.40
6, 8192, 13.34
6, 16384, 25.64
6, 32768, 42.17
6, 65536, 79.58
6, 131072, 149.53
6, 262144, 284.98
6, 524288, 549.74
6, 1048576, 960.68
8, 2, 2.14
8, 4, 2.24
8, 8, 2.21
8, 16, 2.24
8, 32, 3.19
8, 64, 3.16
8, 128, 4.54
8, 256, 4.61
8, 512, 5.26
8, 1024, 6.12
8, 2048, 8.07
8, 4096, 11.51
8, 8192, 18.08
8, 16384, 34.81
8, 32768, 59.43
8, 65536, 96.56
8, 131072, 171.55
8, 262144, 346.40
8, 524288, 720.71
8, 1048576, 1258.22
10, 2, 3.03
10, 4, 3.09
10, 8, 3.05
10, 16, 3.09
10, 32, 4.35
10, 64, 4.12
10, 128, 6.15
10, 256, 6.29
10, 512, 7.03
10, 1024, 8.24
10, 2048, 10.70
10, 4096, 14.91
10, 8192, 22.97
10, 16384, 44.09
10, 32768, 68.73
10, 65536, 135.65
10, 131072, 214.19
10, 262144, 408.81
10, 524288, 831.42
10, 1048576, 1746.04
12, 2, 3.51
12, 4, 3.86
12, 8, 3.48
12, 16, 3.50
12, 32, 5.39
12, 64, 4.59
12, 128, 7.26
12, 256, 7.44
12, 512, 8.36
12, 1024, 9.83
12, 2048, 12.78
12, 4096, 17.74
12, 8192, 27.42
12, 16384, 55.20
12, 32768, 88.85
12, 65536, 140.90
12, 131072, 292.70
12, 262144, 514.56
12, 524288, 967.48
12, 1048576, 1957.80
14, 2, 3.78
14, 4, 3.82
14, 8, 3.84
14, 16, 3.81
14, 32, 6.03
14, 64, 5.16
14, 128, 8.42
14, 256, 8.63
14, 512, 9.81
14, 1024, 11.59
14, 2048, 14.84
14, 4096, 20.50
14, 8192, 31.82
14, 16384, 59.34
14, 32768, 100.40
14, 65536, 170.11
14, 131072, 316.78
14, 262144, 566.91
14, 524288, 1166.66
14, 1048576, 2213.05
16, 2, 4.40
16, 4, 4.40
16, 8, 4.45
16, 16, 4.44
16, 32, 6.81
16, 64, 6.19
16, 128, 9.81
16, 256, 9.84
16, 512, 11.07
16, 1024, 12.78
16, 2048, 16.75
16, 4096, 23.17
16, 8192, 36.33
16, 16384, 69.81
16, 32768, 109.76
16, 65536, 194.70
16, 131072, 345.60
16, 262144, 678.33
16, 524288, 1314.16
16, 1048576, 2444.67
18, 2, 5.71
18, 4, 5.24
18, 8, 5.21
18, 16, 5.32
18, 32, 7.85
18, 64, 7.15
18, 128, 11.41
18, 256, 11.47
18, 512, 12.87
18, 1024, 15.02
18, 2048, 19.45
18, 4096, 26.61
18, 8192, 41.47
18, 16384, 76.69
18, 32768, 123.19
18, 65536, 205.85
18, 131072, 398.53
18, 262144, 733.03
18, 524288, 1403.35
18, 1048576, 2789.08
20, 2, 6.62
20, 4, 5.79
20, 8, 5.76
20, 16, 5.80
20, 32, 8.82
20, 64, 7.78
20, 128, 12.73
20, 256, 12.95
20, 512, 14.25
20, 1024, 16.77
20, 2048, 21.82
20, 4096, 29.64
20, 8192, 45.87
20, 16384, 87.64
20, 32768, 137.53
20, 65536, 228.70
20, 131072, 450.22
20, 262144, 833.39
20, 524288, 1630.03
20, 1048576, 3065.86
22, 2, 6.59
22, 4, 6.13
22, 8, 6.12
22, 16, 6.11
22, 32, 9.21
22, 64, 8.39
22, 128, 13.76
22, 256, 13.92
22, 512, 15.51
22, 1024, 18.71
22, 2048, 23.76
22, 4096, 32.54
22, 8192, 50.44
22, 16384, 92.12
22, 32768, 151.59
22, 65536, 258.77
22, 131072, 469.87
22, 262144, 893.94
22, 524288, 1731.59
22, 1048576, 3405.78
24, 2, 6.74
24, 4, 6.76
24, 8, 6.74
24, 16, 6.72
24, 32, 10.45
24, 64, 9.29
24, 128, 15.30
24, 256, 16.01
24, 512, 17.78
24, 1024, 21.24
24, 2048, 26.20
24, 4096, 36.01
24, 8192, 55.83
24, 16384, 111.33
24, 32768, 173.48
24, 65536, 301.23
24, 131072, 553.76
24, 262144, 1022.05
24, 524288, 2016.91
24, 1048576, 4035.90
26, 2, 6.75
26, 4, 6.72
26, 8, 6.79
26, 16, 6.67
26, 32, 10.23
26, 64, 9.50
26, 128, 16.23
26, 256, 16.40
26, 512, 18.22
26, 1024, 22.05
26, 2048, 28.53
26, 4096, 38.92
26, 8192, 60.69
26, 16384, 112.77
26, 32768, 183.29
26, 65536, 309.45
26, 131072, 580.03
26, 262144, 1130.25
26, 524288, 2166.70
26, 1048576, 4206.68
28, 2, 7.11
28, 4, 7.19
28, 8, 7.19
28, 16, 7.23
28, 32, 11.31
28, 64, 10.06
28, 128, 17.70
28, 256, 18.12
28, 512, 19.90
28, 1024, 23.81
28, 2048, 30.50
28, 4096, 41.39
28, 8192, 64.48
28, 16384, 122.94
28, 32768, 205.20
28, 65536, 348.10
28, 131072, 619.91
28, 262144, 1191.79
28, 524288, 2293.97
28, 1048576, 4589.72
30, 2, 7.61
30, 4, 7.51
30, 8, 7.52
30, 16, 7.45
30, 32, 12.40
30, 64, 10.56
30, 128, 18.61
30, 256, 19.28
30, 512, 20.95
30, 1024, 25.44
30, 2048, 32.51
30, 4096, 44.45
30, 8192, 69.01
30, 16384, 131.30
30, 32768, 204.59
30, 65536, 357.92
30, 131072, 694.62
30, 262144, 1249.23
slurmstepd: error: *** JOB 359498 ON thin001 CANCELLED AT 2024-02-16T20:56:43 DUE TO TIME LIMIT ***
--------------------------------------------------------------------------
ORTE has lost communication with a remote daemon.

  HNP daemon   : [[42652,0],0] on node thin001
  Remote daemon: [[42652,0],1] on node thin010

This is usually due to either a failure of the TCP network
connection to the node, or possibly an internal failure of
the daemon itself. We cannot recover from this failure, and
therefore will terminate the job.
--------------------------------------------------------------------------
