--------------------------------------------------------------------------
Open MPI failed an OFI Libfabric library call (fi_endpoint).  This is highly
unusual; your job may behave unpredictably (and/or abort) after this.

  Local host: thin007
  Location: mtl_ofi_component.c:509
  Error: Invalid argument (22)
--------------------------------------------------------------------------
[thin007.hpc.rd.areasciencepark.it:11737] 1 more process has sent help message help-mtl-ofi.txt / OFI call fail
[thin007.hpc.rd.areasciencepark.it:11737] Set MCA parameter "orte_base_help_aggregate" to 0 to see all help / error messages
,2,2,0.18,node:
,2,4,0.19,node:
--------------------------------------------------------------------------
Open MPI failed an OFI Libfabric library call (fi_endpoint).  This is highly
unusual; your job may behave unpredictably (and/or abort) after this.

  Local host: thin007
  Location: mtl_ofi_component.c:509
  Error: Invalid argument (22)
--------------------------------------------------------------------------
[thin007.hpc.rd.areasciencepark.it:11798] 1 more process has sent help message help-mtl-ofi.txt / OFI call fail
[thin007.hpc.rd.areasciencepark.it:11798] Set MCA parameter "orte_base_help_aggregate" to 0 to see all help / error messages
,2,8,0.19,node:
--------------------------------------------------------------------------
Open MPI failed an OFI Libfabric library call (fi_endpoint).  This is highly
unusual; your job may behave unpredictably (and/or abort) after this.

  Local host: thin007
  Location: mtl_ofi_component.c:509
  Error: Invalid argument (22)
--------------------------------------------------------------------------
[thin007.hpc.rd.areasciencepark.it:11827] 1 more process has sent help message help-mtl-ofi.txt / OFI call fail
[thin007.hpc.rd.areasciencepark.it:11827] Set MCA parameter "orte_base_help_aggregate" to 0 to see all help / error messages
,2,16,0.18,node:
--------------------------------------------------------------------------
Open MPI failed an OFI Libfabric library call (fi_endpoint).  This is highly
unusual; your job may behave unpredictably (and/or abort) after this.

  Local host: thin007
  Location: mtl_ofi_component.c:509
  Error: Invalid argument (22)
--------------------------------------------------------------------------
[thin007.hpc.rd.areasciencepark.it:11859] 1 more process has sent help message help-mtl-ofi.txt / OFI call fail
[thin007.hpc.rd.areasciencepark.it:11859] Set MCA parameter "orte_base_help_aggregate" to 0 to see all help / error messages
,2,32,0.23,node:
--------------------------------------------------------------------------
Open MPI failed an OFI Libfabric library call (fi_endpoint).  This is highly
unusual; your job may behave unpredictably (and/or abort) after this.

  Local host: thin007
  Location: mtl_ofi_component.c:509
  Error: Invalid argument (22)
--------------------------------------------------------------------------
[thin007.hpc.rd.areasciencepark.it:11888] 1 more process has sent help message help-mtl-ofi.txt / OFI call fail
[thin007.hpc.rd.areasciencepark.it:11888] Set MCA parameter "orte_base_help_aggregate" to 0 to see all help / error messages
,2,64,0.26,node:
,2,128,0.31,node:
,2,256,0.33,node:
--------------------------------------------------------------------------
Open MPI failed an OFI Libfabric library call (fi_endpoint).  This is highly
unusual; your job may behave unpredictably (and/or abort) after this.

  Local host: thin007
  Location: mtl_ofi_component.c:509
  Error: Invalid argument (22)
--------------------------------------------------------------------------
[thin007.hpc.rd.areasciencepark.it:11979] 1 more process has sent help message help-mtl-ofi.txt / OFI call fail
[thin007.hpc.rd.areasciencepark.it:11979] Set MCA parameter "orte_base_help_aggregate" to 0 to see all help / error messages
,2,512,0.35,node:
,2,1024,0.40,node:
--------------------------------------------------------------------------
Open MPI failed an OFI Libfabric library call (fi_endpoint).  This is highly
unusual; your job may behave unpredictably (and/or abort) after this.

  Local host: thin007
  Location: mtl_ofi_component.c:509
  Error: Invalid argument (22)
--------------------------------------------------------------------------
[thin007.hpc.rd.areasciencepark.it:12039] 1 more process has sent help message help-mtl-ofi.txt / OFI call fail
[thin007.hpc.rd.areasciencepark.it:12039] Set MCA parameter "orte_base_help_aggregate" to 0 to see all help / error messages
,2,2048,0.53,node:
,2,4096,0.82,node:
--------------------------------------------------------------------------
Open MPI failed an OFI Libfabric library call (fi_endpoint).  This is highly
unusual; your job may behave unpredictably (and/or abort) after this.

  Local host: thin007
  Location: mtl_ofi_component.c:509
  Error: Invalid argument (22)
--------------------------------------------------------------------------
[thin007.hpc.rd.areasciencepark.it:12099] 1 more process has sent help message help-mtl-ofi.txt / OFI call fail
[thin007.hpc.rd.areasciencepark.it:12099] Set MCA parameter "orte_base_help_aggregate" to 0 to see all help / error messages
,2,8192,1.34,node:
,2,16384,3.14,node:
,2,32768,5.20,node:
,2,65536,6.90,node:
--------------------------------------------------------------------------
Open MPI failed an OFI Libfabric library call (fi_endpoint).  This is highly
unusual; your job may behave unpredictably (and/or abort) after this.

  Local host: thin007
  Location: mtl_ofi_component.c:509
  Error: Invalid argument (22)
--------------------------------------------------------------------------
[thin007.hpc.rd.areasciencepark.it:12223] 1 more process has sent help message help-mtl-ofi.txt / OFI call fail
[thin007.hpc.rd.areasciencepark.it:12223] Set MCA parameter "orte_base_help_aggregate" to 0 to see all help / error messages
,2,131072,9.88,node:
,2,262144,15.41,node:
--------------------------------------------------------------------------
Open MPI failed an OFI Libfabric library call (fi_endpoint).  This is highly
unusual; your job may behave unpredictably (and/or abort) after this.

  Local host: thin007
  Location: mtl_ofi_component.c:509
  Error: Invalid argument (22)
--------------------------------------------------------------------------
[thin007.hpc.rd.areasciencepark.it:12283] 1 more process has sent help message help-mtl-ofi.txt / OFI call fail
[thin007.hpc.rd.areasciencepark.it:12283] Set MCA parameter "orte_base_help_aggregate" to 0 to see all help / error messages
,2,524288,28.93,node:
,2,1048576,58.35,node:
,4,2,0.34,node:
,4,4,0.36,node:
--------------------------------------------------------------------------
Open MPI failed an OFI Libfabric library call (fi_endpoint).  This is highly
unusual; your job may behave unpredictably (and/or abort) after this.

  Local host: thin007
  Location: mtl_ofi_component.c:509
  Error: Invalid argument (22)
--------------------------------------------------------------------------
[thin007.hpc.rd.areasciencepark.it:12426] 3 more processes have sent help message help-mtl-ofi.txt / OFI call fail
[thin007.hpc.rd.areasciencepark.it:12426] Set MCA parameter "orte_base_help_aggregate" to 0 to see all help / error messages
,4,8,0.34,node:
,4,16,0.30,node:
--------------------------------------------------------------------------
Open MPI failed an OFI Libfabric library call (fi_endpoint).  This is highly
unusual; your job may behave unpredictably (and/or abort) after this.

  Local host: thin007
  Location: mtl_ofi_component.c:509
  Error: Invalid argument (22)
--------------------------------------------------------------------------
[thin007.hpc.rd.areasciencepark.it:12506] 3 more processes have sent help message help-mtl-ofi.txt / OFI call fail
[thin007.hpc.rd.areasciencepark.it:12506] Set MCA parameter "orte_base_help_aggregate" to 0 to see all help / error messages
,4,32,0.64,node:
--------------------------------------------------------------------------
Open MPI failed an OFI Libfabric library call (fi_endpoint).  This is highly
unusual; your job may behave unpredictably (and/or abort) after this.

  Local host: thin007
  Location: mtl_ofi_component.c:509
  Error: Invalid argument (22)
--------------------------------------------------------------------------
[thin007.hpc.rd.areasciencepark.it:12543] 3 more processes have sent help message help-mtl-ofi.txt / OFI call fail
[thin007.hpc.rd.areasciencepark.it:12543] Set MCA parameter "orte_base_help_aggregate" to 0 to see all help / error messages
,4,64,0.58,node:
,4,128,1.06,node:
,4,256,1.10,node:
,4,512,1.27,node:
--------------------------------------------------------------------------
Open MPI failed an OFI Libfabric library call (fi_endpoint).  This is highly
unusual; your job may behave unpredictably (and/or abort) after this.

  Local host: thin007
  Location: mtl_ofi_component.c:509
  Error: Invalid argument (22)
--------------------------------------------------------------------------
[thin007.hpc.rd.areasciencepark.it:12703] 3 more processes have sent help message help-mtl-ofi.txt / OFI call fail
[thin007.hpc.rd.areasciencepark.it:12703] Set MCA parameter "orte_base_help_aggregate" to 0 to see all help / error messages
,4,1024,1.56,node:
--------------------------------------------------------------------------
Open MPI failed an OFI Libfabric library call (fi_endpoint).  This is highly
unusual; your job may behave unpredictably (and/or abort) after this.

  Local host: thin007
  Location: mtl_ofi_component.c:509
  Error: Invalid argument (22)
--------------------------------------------------------------------------
[thin007.hpc.rd.areasciencepark.it:12740] 3 more processes have sent help message help-mtl-ofi.txt / OFI call fail
[thin007.hpc.rd.areasciencepark.it:12740] Set MCA parameter "orte_base_help_aggregate" to 0 to see all help / error messages
,4,2048,2.46,node:
--------------------------------------------------------------------------
Open MPI failed an OFI Libfabric library call (fi_endpoint).  This is highly
unusual; your job may behave unpredictably (and/or abort) after this.

  Local host: thin007
  Location: mtl_ofi_component.c:509
  Error: Invalid argument (22)
--------------------------------------------------------------------------
[thin007.hpc.rd.areasciencepark.it:12777] 3 more processes have sent help message help-mtl-ofi.txt / OFI call fail
[thin007.hpc.rd.areasciencepark.it:12777] Set MCA parameter "orte_base_help_aggregate" to 0 to see all help / error messages
,4,4096,3.64,node:
,4,8192,5.77,node:
,4,16384,8.19,node:
--------------------------------------------------------------------------
Open MPI failed an OFI Libfabric library call (fi_endpoint).  This is highly
unusual; your job may behave unpredictably (and/or abort) after this.

  Local host: thin007
  Location: mtl_ofi_component.c:509
  Error: Invalid argument (22)
--------------------------------------------------------------------------
[thin007.hpc.rd.areasciencepark.it:12896] 3 more processes have sent help message help-mtl-ofi.txt / OFI call fail
[thin007.hpc.rd.areasciencepark.it:12896] Set MCA parameter "orte_base_help_aggregate" to 0 to see all help / error messages
,4,32768,13.56,node:
--------------------------------------------------------------------------
Open MPI failed an OFI Libfabric library call (fi_endpoint).  This is highly
unusual; your job may behave unpredictably (and/or abort) after this.

  Local host: thin007
  Location: mtl_ofi_component.c:509
  Error: Invalid argument (22)
--------------------------------------------------------------------------
[thin007.hpc.rd.areasciencepark.it:12933] 3 more processes have sent help message help-mtl-ofi.txt / OFI call fail
[thin007.hpc.rd.areasciencepark.it:12933] Set MCA parameter "orte_base_help_aggregate" to 0 to see all help / error messages
,4,65536,22.36,node:
,4,131072,34.61,node:
,4,262144,69.29,node:
--------------------------------------------------------------------------
Open MPI failed an OFI Libfabric library call (fi_endpoint).  This is highly
unusual; your job may behave unpredictably (and/or abort) after this.

  Local host: thin007
  Location: mtl_ofi_component.c:509
  Error: Invalid argument (22)
--------------------------------------------------------------------------
[thin007.hpc.rd.areasciencepark.it:13059] 3 more processes have sent help message help-mtl-ofi.txt / OFI call fail
[thin007.hpc.rd.areasciencepark.it:13059] Set MCA parameter "orte_base_help_aggregate" to 0 to see all help / error messages
,4,524288,159.41,node:
--------------------------------------------------------------------------
Open MPI failed an OFI Libfabric library call (fi_endpoint).  This is highly
unusual; your job may behave unpredictably (and/or abort) after this.

  Local host: thin007
  Location: mtl_ofi_component.c:509
  Error: Invalid argument (22)
--------------------------------------------------------------------------
[thin007.hpc.rd.areasciencepark.it:13096] 3 more processes have sent help message help-mtl-ofi.txt / OFI call fail
[thin007.hpc.rd.areasciencepark.it:13096] Set MCA parameter "orte_base_help_aggregate" to 0 to see all help / error messages
,4,1048576,317.50,node:
--------------------------------------------------------------------------
Open MPI failed an OFI Libfabric library call (fi_endpoint).  This is highly
unusual; your job may behave unpredictably (and/or abort) after this.

  Local host: thin007
  Location: mtl_ofi_component.c:509
  Error: Invalid argument (22)
--------------------------------------------------------------------------
[thin007.hpc.rd.areasciencepark.it:13133] 5 more processes have sent help message help-mtl-ofi.txt / OFI call fail
[thin007.hpc.rd.areasciencepark.it:13133] Set MCA parameter "orte_base_help_aggregate" to 0 to see all help / error messages
,6,2,0.63,node:
--------------------------------------------------------------------------
Open MPI failed an OFI Libfabric library call (fi_endpoint).  This is highly
unusual; your job may behave unpredictably (and/or abort) after this.

  Local host: thin007
  Location: mtl_ofi_component.c:509
  Error: Invalid argument (22)
--------------------------------------------------------------------------
[thin007.hpc.rd.areasciencepark.it:13178] 5 more processes have sent help message help-mtl-ofi.txt / OFI call fail
[thin007.hpc.rd.areasciencepark.it:13178] Set MCA parameter "orte_base_help_aggregate" to 0 to see all help / error messages
,6,4,0.61,node:
--------------------------------------------------------------------------
Open MPI failed an OFI Libfabric library call (fi_endpoint).  This is highly
unusual; your job may behave unpredictably (and/or abort) after this.

  Local host: thin007
  Location: mtl_ofi_component.c:509
  Error: Invalid argument (22)
--------------------------------------------------------------------------
[thin007.hpc.rd.areasciencepark.it:13223] 5 more processes have sent help message help-mtl-ofi.txt / OFI call fail
[thin007.hpc.rd.areasciencepark.it:13223] Set MCA parameter "orte_base_help_aggregate" to 0 to see all help / error messages
,6,8,0.62,node:
--------------------------------------------------------------------------
Open MPI failed an OFI Libfabric library call (fi_endpoint).  This is highly
unusual; your job may behave unpredictably (and/or abort) after this.

  Local host: thin007
  Location: mtl_ofi_component.c:509
  Error: Invalid argument (22)
--------------------------------------------------------------------------
[thin007.hpc.rd.areasciencepark.it:13268] 5 more processes have sent help message help-mtl-ofi.txt / OFI call fail
[thin007.hpc.rd.areasciencepark.it:13268] Set MCA parameter "orte_base_help_aggregate" to 0 to see all help / error messages
,6,16,0.62,node:
,6,32,0.70,node:
,6,64,0.75,node:
--------------------------------------------------------------------------
Open MPI failed an OFI Libfabric library call (fi_endpoint).  This is highly
unusual; your job may behave unpredictably (and/or abort) after this.

  Local host: thin007
  Location: mtl_ofi_component.c:509
  Error: Invalid argument (22)
--------------------------------------------------------------------------
[thin007.hpc.rd.areasciencepark.it:13415] 5 more processes have sent help message help-mtl-ofi.txt / OFI call fail
[thin007.hpc.rd.areasciencepark.it:13415] Set MCA parameter "orte_base_help_aggregate" to 0 to see all help / error messages
,6,128,1.56,node:
,6,256,1.62,node:
--------------------------------------------------------------------------
Open MPI failed an OFI Libfabric library call (fi_endpoint).  This is highly
unusual; your job may behave unpredictably (and/or abort) after this.

  Local host: thin007
  Location: mtl_ofi_component.c:509
  Error: Invalid argument (22)
--------------------------------------------------------------------------
[thin007.hpc.rd.areasciencepark.it:13512] 5 more processes have sent help message help-mtl-ofi.txt / OFI call fail
[thin007.hpc.rd.areasciencepark.it:13512] Set MCA parameter "orte_base_help_aggregate" to 0 to see all help / error messages
,6,512,2.00,node:
--------------------------------------------------------------------------
Open MPI failed an OFI Libfabric library call (fi_endpoint).  This is highly
unusual; your job may behave unpredictably (and/or abort) after this.

  Local host: thin007
  Location: mtl_ofi_component.c:509
  Error: Invalid argument (22)
--------------------------------------------------------------------------
[thin007.hpc.rd.areasciencepark.it:13559] 5 more processes have sent help message help-mtl-ofi.txt / OFI call fail
[thin007.hpc.rd.areasciencepark.it:13559] Set MCA parameter "orte_base_help_aggregate" to 0 to see all help / error messages
,6,1024,2.34,node:
--------------------------------------------------------------------------
Open MPI failed an OFI Libfabric library call (fi_endpoint).  This is highly
unusual; your job may behave unpredictably (and/or abort) after this.

  Local host: thin007
  Location: mtl_ofi_component.c:509
  Error: Invalid argument (22)
--------------------------------------------------------------------------
[thin007.hpc.rd.areasciencepark.it:13604] 5 more processes have sent help message help-mtl-ofi.txt / OFI call fail
[thin007.hpc.rd.areasciencepark.it:13604] Set MCA parameter "orte_base_help_aggregate" to 0 to see all help / error messages
,6,2048,3.41,node:
,6,4096,5.21,node:
--------------------------------------------------------------------------
Open MPI failed an OFI Libfabric library call (fi_endpoint).  This is highly
unusual; your job may behave unpredictably (and/or abort) after this.

  Local host: thin007
  Location: mtl_ofi_component.c:509
  Error: Invalid argument (22)
--------------------------------------------------------------------------
[thin007.hpc.rd.areasciencepark.it:13700] 5 more processes have sent help message help-mtl-ofi.txt / OFI call fail
[thin007.hpc.rd.areasciencepark.it:13700] Set MCA parameter "orte_base_help_aggregate" to 0 to see all help / error messages
,6,8192,7.89,node:
--------------------------------------------------------------------------
Open MPI failed an OFI Libfabric library call (fi_endpoint).  This is highly
unusual; your job may behave unpredictably (and/or abort) after this.

  Local host: thin007
  Location: mtl_ofi_component.c:509
  Error: Invalid argument (22)
--------------------------------------------------------------------------
[thin007.hpc.rd.areasciencepark.it:13745] 5 more processes have sent help message help-mtl-ofi.txt / OFI call fail
[thin007.hpc.rd.areasciencepark.it:13745] Set MCA parameter "orte_base_help_aggregate" to 0 to see all help / error messages
,6,16384,10.59,node:
,6,32768,17.21,node:
--------------------------------------------------------------------------
Open MPI failed an OFI Libfabric library call (fi_endpoint).  This is highly
unusual; your job may behave unpredictably (and/or abort) after this.

  Local host: thin007
  Location: mtl_ofi_component.c:509
  Error: Invalid argument (22)
--------------------------------------------------------------------------
[thin007.hpc.rd.areasciencepark.it:13841] 5 more processes have sent help message help-mtl-ofi.txt / OFI call fail
[thin007.hpc.rd.areasciencepark.it:13841] Set MCA parameter "orte_base_help_aggregate" to 0 to see all help / error messages
,6,65536,32.83,node:
--------------------------------------------------------------------------
Open MPI failed an OFI Libfabric library call (fi_endpoint).  This is highly
unusual; your job may behave unpredictably (and/or abort) after this.

  Local host: thin007
  Location: mtl_ofi_component.c:509
  Error: Invalid argument (22)
--------------------------------------------------------------------------
[thin007.hpc.rd.areasciencepark.it:13886] 5 more processes have sent help message help-mtl-ofi.txt / OFI call fail
[thin007.hpc.rd.areasciencepark.it:13886] Set MCA parameter "orte_base_help_aggregate" to 0 to see all help / error messages
,6,131072,65.04,node:
--------------------------------------------------------------------------
Open MPI failed an OFI Libfabric library call (fi_endpoint).  This is highly
unusual; your job may behave unpredictably (and/or abort) after this.

  Local host: thin007
  Location: mtl_ofi_component.c:509
  Error: Invalid argument (22)
--------------------------------------------------------------------------
[thin007.hpc.rd.areasciencepark.it:13931] 5 more processes have sent help message help-mtl-ofi.txt / OFI call fail
[thin007.hpc.rd.areasciencepark.it:13931] Set MCA parameter "orte_base_help_aggregate" to 0 to see all help / error messages
,6,262144,130.18,node:
--------------------------------------------------------------------------
Open MPI failed an OFI Libfabric library call (fi_endpoint).  This is highly
unusual; your job may behave unpredictably (and/or abort) after this.

  Local host: thin007
  Location: mtl_ofi_component.c:509
  Error: Invalid argument (22)
--------------------------------------------------------------------------
slurmstepd: error: *** JOB 348379 ON thin007 CANCELLED AT 2024-02-07T17:06:24 ***
