2, 2, 0.36
2, 4, 0.36
2, 8, 0.35
2, 16, 0.35
2, 32, 0.49
2, 64, 0.48
2, 128, 0.72
2, 256, 0.78
2, 512, 0.86
2, 1024, 0.93
2, 2048, 1.30
2, 4096, 1.95
2, 8192, 3.39
2, 16384, 6.22
2, 32768, 11.32
2, 65536, 21.62
2, 131072, 42.67
2, 262144, 21.31
2, 524288, 48.71
2, 1048576, 123.07
4, 2, 0.69
4, 4, 0.70
4, 8, 0.68
4, 16, 0.73
4, 32, 0.80
4, 64, 0.84
4, 128, 1.12
4, 256, 1.18
4, 512, 1.37
4, 1024, 0.96
4, 2048, 1.37
4, 4096, 2.33
4, 8192, 4.87
4, 16384, 8.22
4, 32768, 11.64
4, 65536, 22.53
4, 131072, 42.92
4, 262144, 56.14
4, 524288, 132.24
4, 1048576, 271.57
6, 2, 0.72
6, 4, 0.72
6, 8, 0.72
6, 16, 0.75
6, 32, 0.76
6, 64, 0.82
6, 128, 1.12
6, 256, 1.17
6, 512, 1.30
6, 1024, 1.02
6, 2048, 1.28
6, 4096, 2.27
6, 8192, 5.14
6, 16384, 8.79
6, 32768, 12.17
6, 65536, 23.24
6, 131072, 45.10
6, 262144, 103.77
6, 524288, 195.56
6, 1048576, 475.57
8, 2, 0.77
8, 4, 0.77
8, 8, 0.78
8, 16, 0.80
8, 32, 0.87
8, 64, 0.93
8, 128, 1.46
8, 256, 1.40
8, 512, 1.55
8, 1024, 1.88
8, 2048, 2.53
8, 4096, 3.84
8, 8192, 6.07
8, 16384, 10.40
8, 32768, 18.86
8, 65536, 35.72
8, 131072, 74.38
8, 262144, 112.43
8, 524288, 246.82
8, 1048576, 751.94
10, 2, 0.73
10, 4, 0.70
10, 8, 0.73
10, 16, 0.76
10, 32, 0.78
10, 64, 1.06
10, 128, 1.21
10, 256, 1.25
10, 512, 1.43
10, 1024, 1.78
10, 2048, 2.44
10, 4096, 3.74
10, 8192, 6.07
10, 16384, 10.50
10, 32768, 18.98
10, 65536, 35.59
10, 131072, 85.93
10, 262144, 131.74
10, 524288, 299.21
10, 1048576, 986.36
12, 2, 0.79
12, 4, 0.77
12, 8, 0.78
12, 16, 0.80
12, 32, 1.00
12, 64, 0.89
12, 128, 1.21
12, 256, 1.31
12, 512, 1.52
12, 1024, 1.85
12, 2048, 2.56
12, 4096, 4.01
12, 8192, 6.62
12, 16384, 11.50
12, 32768, 20.31
12, 65536, 41.93
12, 131072, 88.71
12, 262144, 136.25
12, 524288, 343.02
12, 1048576, 1118.65
14, 2, 0.70
14, 4, 0.73
14, 8, 0.72
14, 16, 0.77
14, 32, 1.09
14, 64, 0.86
14, 128, 1.27
14, 256, 1.28
14, 512, 1.48
14, 1024, 1.88
14, 2048, 2.61
14, 4096, 4.22
14, 8192, 7.02
14, 16384, 12.11
14, 32768, 22.03
14, 65536, 43.92
14, 131072, 96.07
14, 262144, 145.19
14, 524288, 414.04
14, 1048576, 1218.52
16, 2, 0.83
16, 4, 0.82
16, 8, 0.81
16, 16, 0.86
16, 32, 1.37
16, 64, 1.12
16, 128, 1.42
16, 256, 1.51
16, 512, 1.79
16, 1024, 2.22
16, 2048, 2.96
16, 4096, 4.74
16, 8192, 7.65
16, 16384, 13.40
16, 32768, 25.00
16, 65536, 48.15
16, 131072, 102.65
16, 262144, 159.99
16, 524288, 508.89
16, 1048576, 1346.09
18, 2, 0.78
18, 4, 0.78
18, 8, 0.80
18, 16, 0.82
18, 32, 1.20
18, 64, 1.07
18, 128, 1.38
18, 256, 1.44
18, 512, 1.67
18, 1024, 2.08
18, 2048, 2.90
18, 4096, 4.67
18, 8192, 7.80
18, 16384, 13.48
18, 32768, 25.86
18, 65536, 49.04
18, 131072, 116.89
18, 262144, 186.45
18, 524288, 617.78
18, 1048576, 1582.56
20, 2, 0.83
20, 4, 0.82
20, 8, 0.79
20, 16, 0.82
20, 32, 1.11
20, 64, 1.01
20, 128, 1.33
20, 256, 1.44
20, 512, 1.73
20, 1024, 2.12
20, 2048, 2.93
20, 4096, 4.78
20, 8192, 8.04
20, 16384, 14.03
20, 32768, 27.17
20, 65536, 56.09
20, 131072, 121.39
20, 262144, 196.54
20, 524288, 644.39
20, 1048576, 1612.08
22, 2, 0.78
22, 4, 0.78
22, 8, 0.79
22, 16, 0.83
22, 32, 0.98
22, 64, 1.00
22, 128, 1.31
22, 256, 1.38
22, 512, 1.66
22, 1024, 2.12
22, 2048, 2.95
22, 4096, 4.94
22, 8192, 8.28
22, 16384, 14.67
22, 32768, 27.99
22, 65536, 57.98
22, 131072, 123.52
22, 262144, 205.69
22, 524288, 683.87
22, 1048576, 1700.30
24, 2, 0.80
24, 4, 0.80
24, 8, 0.84
24, 16, 1.13
24, 32, 1.24
24, 64, 1.04
24, 128, 1.38
24, 256, 1.46
24, 512, 1.73
24, 1024, 2.24
24, 2048, 3.08
24, 4096, 5.24
24, 8192, 8.80
24, 16384, 15.68
24, 32768, 31.79
24, 65536, 61.24
24, 131072, 130.70
24, 262144, 242.30
24, 524288, 796.80
24, 1048576, 1860.21
26, 2, 0.86
26, 4, 0.96
26, 8, 0.89
26, 16, 0.90
26, 32, 0.98
26, 64, 1.05
26, 128, 1.40
26, 256, 1.48
26, 512, 1.71
26, 1024, 2.19
26, 2048, 3.00
26, 4096, 4.92
26, 8192, 8.55
26, 16384, 15.32
26, 32768, 30.39
26, 65536, 60.68
26, 131072, 135.68
26, 262144, 259.44
26, 524288, 802.73
26, 1048576, 1858.34
28, 2, 0.95
28, 4, 1.35
28, 8, 0.97
28, 16, 0.97
28, 32, 1.12
28, 64, 1.20
28, 128, 1.54
28, 256, 1.62
28, 512, 1.88
28, 1024, 2.31
28, 2048, 3.20
28, 4096, 5.02
28, 8192, 8.32
28, 16384, 15.08
28, 32768, 30.52
28, 65536, 62.39
28, 131072, 131.92
28, 262144, 260.13
28, 524288, 788.65
28, 1048576, 1798.58
30, 2, 0.92
30, 4, 1.28
30, 8, 0.94
30, 16, 0.98
30, 32, 1.10
30, 64, 1.21
30, 128, 1.49
30, 256, 1.60
30, 512, 1.89
30, 1024, 2.44
30, 2048, 3.20
30, 4096, 5.20
30, 8192, 8.41
30, 16384, 15.07
30, 32768, 29.98
30, 65536, 60.85
30, 131072, 131.46
30, 262144, 256.32
30, 524288, 768.12
30, 1048576, 1768.08
32, 2, 1.07
32, 4, 1.27
32, 8, 1.27
32, 16, 1.11
32, 32, 1.32
32, 64, 1.38
32, 128, 1.71
32, 256, 1.85
32, 512, 2.13
32, 1024, 2.62
32, 2048, 3.60
32, 4096, 5.61
32, 8192, 9.19
32, 16384, 16.26
32, 32768, 31.53
32, 65536, 61.65
32, 131072, 130.87
32, 262144, 263.65
32, 524288, 763.18
32, 1048576, 3500.58
34, 2, 0.94
34, 4, 1.65
34, 8, 0.97
34, 16, 0.98
34, 32, 1.25
34, 64, 1.25
34, 128, 1.60
34, 256, 1.74
34, 512, 2.01
34, 1024, 2.46
34, 2048, 3.39
34, 4096, 5.42
34, 8192, 9.39
34, 16384, 15.98
34, 32768, 30.66
34, 65536, 60.10
34, 131072, 143.29
34, 262144, 299.57
34, 524288, 851.21
34, 1048576, 3801.19
36, 2, 0.98
36, 4, 1.37
36, 8, 1.01
36, 16, 1.00
36, 32, 1.29
36, 64, 1.28
36, 128, 1.60
36, 256, 1.74
36, 512, 2.01
36, 1024, 2.44
36, 2048, 3.39
36, 4096, 5.34
36, 8192, 8.85
36, 16384, 15.79
36, 32768, 31.30
36, 65536, 66.77
36, 131072, 140.82
36, 262144, 296.27
36, 524288, 827.27
slurmstepd: error: *** JOB 376679 ON thin001 CANCELLED AT 2024-02-29T18:46:25 DUE TO TIME LIMIT ***
--------------------------------------------------------------------------
ORTE has lost communication with a remote daemon.

  HNP daemon   : [[4194,0],0] on node thin001
  Remote daemon: [[4194,0],1] on node thin002

This is usually due to either a failure of the TCP network
connection to the node, or possibly an internal failure of
the daemon itself. We cannot recover from this failure, and
therefore will terminate the job.
--------------------------------------------------------------------------
