2, 2, 0.18
2, 4, 0.18
2, 8, 0.18
2, 16, 0.18
2, 32, 0.22
2, 64, 0.21
2, 128, 0.27
2, 256, 0.30
2, 512, 0.34
2, 1024, 0.38
2, 2048, 0.51
2, 4096, 0.81
2, 8192, 1.32
2, 16384, 2.43
2, 32768, 4.27
2, 65536, 8.18
2, 131072, 15.07
2, 262144, 25.94
2, 524288, 60.62
2, 1048576, 157.13
4, 2, 0.36
4, 4, 0.35
4, 8, 0.35
4, 16, 0.34
4, 32, 0.39
4, 64, 0.37
4, 128, 0.46
4, 256, 0.47
4, 512, 0.50
4, 1024, 0.57
4, 2048, 0.68
4, 4096, 1.05
4, 8192, 1.72
4, 16384, 3.55
4, 32768, 6.46
4, 65536, 11.61
4, 131072, 21.59
4, 262144, 67.21
4, 524288, 144.66
4, 1048576, 308.83
6, 2, 0.46
6, 4, 0.50
6, 8, 0.45
6, 16, 0.45
6, 32, 0.46
6, 64, 0.48
6, 128, 0.55
6, 256, 0.55
6, 512, 0.61
6, 1024, 0.63
6, 2048, 0.79
6, 4096, 1.31
6, 8192, 2.18
6, 16384, 4.05
6, 32768, 7.48
6, 65536, 13.31
6, 131072, 25.13
6, 262144, 101.68
6, 524288, 230.67
6, 1048576, 512.95
8, 2, 0.52
8, 4, 0.57
8, 8, 0.49
8, 16, 0.53
8, 32, 0.54
8, 64, 0.53
8, 128, 0.61
8, 256, 0.62
8, 512, 0.67
8, 1024, 0.76
8, 2048, 0.94
8, 4096, 1.53
8, 8192, 2.47
8, 16384, 4.50
8, 32768, 7.97
8, 65536, 14.72
8, 131072, 29.52
8, 262144, 130.24
8, 524288, 283.53
8, 1048576, 807.58
10, 2, 0.50
10, 4, 0.46
10, 8, 0.47
10, 16, 0.46
10, 32, 0.47
10, 64, 0.45
10, 128, 0.57
10, 256, 0.68
10, 512, 0.62
10, 1024, 0.67
10, 2048, 0.90
10, 4096, 1.50
10, 8192, 2.46
10, 16384, 5.13
10, 32768, 8.64
10, 65536, 16.62
10, 131072, 38.71
10, 262144, 158.12
10, 524288, 355.28
10, 1048576, 1092.92
12, 2, 0.54
12, 4, 0.51
12, 8, 0.56
12, 16, 0.57
12, 32, 0.56
12, 64, 0.57
12, 128, 0.71
12, 256, 0.65
12, 512, 0.70
12, 1024, 0.77
12, 2048, 0.92
12, 4096, 1.59
12, 8192, 2.68
12, 16384, 5.23
12, 32768, 10.20
12, 65536, 19.72
12, 131072, 43.36
12, 262144, 187.87
12, 524288, 456.04
12, 1048576, 1539.21
14, 2, 0.60
14, 4, 0.61
14, 8, 0.60
14, 16, 0.62
14, 32, 0.63
14, 64, 0.63
14, 128, 0.80
14, 256, 0.80
14, 512, 0.81
14, 1024, 0.88
14, 2048, 1.07
14, 4096, 1.81
14, 8192, 3.04
14, 16384, 6.31
14, 32768, 12.18
14, 65536, 25.74
14, 131072, 55.90
14, 262144, 232.99
14, 524288, 574.73
14, 1048576, 1945.40
16, 2, 1.04
16, 4, 1.06
16, 8, 1.02
16, 16, 1.00
16, 32, 1.08
16, 64, 1.01
16, 128, 1.35
16, 256, 1.31
16, 512, 1.38
16, 1024, 1.51
16, 2048, 1.71
16, 4096, 2.60
16, 8192, 3.87
16, 16384, 7.79
16, 32768, 15.16
16, 65536, 30.68
16, 131072, 61.25
16, 262144, 284.36
16, 524288, 723.92
16, 1048576, 2328.04
18, 2, 1.00
18, 4, 0.99
18, 8, 1.04
18, 16, 0.99
18, 32, 0.98
18, 64, 0.98
18, 128, 1.20
18, 256, 1.26
18, 512, 1.31
18, 1024, 1.36
18, 2048, 1.70
18, 4096, 2.50
18, 8192, 4.03
18, 16384, 8.17
18, 32768, 16.51
18, 65536, 34.95
18, 131072, 74.44
18, 262144, 317.80
18, 524288, 898.85
18, 1048576, 2669.55
20, 2, 0.99
20, 4, 0.97
20, 8, 1.02
20, 16, 1.05
20, 32, 1.08
20, 64, 1.01
20, 128, 1.25
20, 256, 1.26
20, 512, 1.29
20, 1024, 1.40
20, 2048, 1.65
20, 4096, 2.60
20, 8192, 4.21
20, 16384, 8.82
20, 32768, 17.61
20, 65536, 39.52
20, 131072, 80.99
20, 262144, 375.70
20, 524288, 1092.41
20, 1048576, 3025.35
22, 2, 1.06
22, 4, 1.05
22, 8, 1.22
22, 16, 1.06
22, 32, 1.05
22, 64, 1.06
22, 128, 1.28
22, 256, 1.34
22, 512, 1.41
22, 1024, 1.60
22, 2048, 1.79
22, 4096, 2.76
22, 8192, 4.21
22, 16384, 9.17
22, 32768, 18.93
22, 65536, 41.17
22, 131072, 88.67
22, 262144, 402.14
22, 524288, 1277.53
22, 1048576, 3338.78
24, 2, 1.09
24, 4, 1.09
24, 8, 1.17
24, 16, 1.10
24, 32, 1.08
24, 64, 1.16
24, 128, 1.30
24, 256, 1.39
24, 512, 1.44
24, 1024, 1.49
24, 2048, 1.82
24, 4096, 2.70
24, 8192, 4.52
24, 16384, 9.60
24, 32768, 20.67
24, 65536, 44.23
24, 131072, 93.09
24, 262144, 449.84
24, 524288, 1485.26
24, 1048576, 3698.22
26, 2, 0.92
26, 4, 0.90
26, 8, 0.92
26, 16, 0.95
26, 32, 0.95
26, 64, 0.92
26, 128, 1.24
26, 256, 1.29
26, 512, 1.19
26, 1024, 1.44
26, 2048, 1.61
26, 4096, 2.53
26, 8192, 4.32
26, 16384, 9.51
26, 32768, 20.66
26, 65536, 43.28
26, 131072, 89.66
26, 262144, 489.53
26, 524288, 1519.72
26, 1048576, 3956.51
28, 2, 0.87
28, 4, 0.89
28, 8, 0.83
28, 16, 0.92
28, 32, 0.95
28, 64, 0.95
28, 128, 1.15
28, 256, 1.13
28, 512, 1.24
28, 1024, 1.27
28, 2048, 1.59
28, 4096, 2.37
28, 8192, 4.01
28, 16384, 8.87
28, 32768, 18.31
28, 65536, 41.07
28, 131072, 86.35
28, 262144, 529.97
28, 524288, 1630.74
28, 1048576, 4112.37
30, 2, 0.96
30, 4, 1.02
30, 8, 0.88
30, 16, 0.91
30, 32, 0.89
30, 64, 0.94
30, 128, 1.17
30, 256, 1.23
30, 512, 1.24
30, 1024, 1.31
30, 2048, 1.54
30, 4096, 2.37
30, 8192, 3.51
30, 16384, 7.61
30, 32768, 17.20
30, 65536, 39.26
30, 131072, 82.96
30, 262144, 576.60
30, 524288, 1694.55
30, 1048576, 4369.06
32, 2, 1.31
32, 4, 1.31
32, 8, 1.31
32, 16, 1.25
32, 32, 1.35
32, 64, 1.31
32, 128, 1.62
32, 256, 1.53
32, 512, 1.59
32, 1024, 1.71
32, 2048, 2.07
32, 4096, 2.94
32, 8192, 3.98
32, 16384, 7.81
32, 32768, 16.50
32, 65536, 36.16
32, 131072, 79.48
32, 262144, 631.42
32, 524288, 1786.08
32, 1048576, 4623.18
34, 2, 1.03
34, 4, 1.01
34, 8, 1.00
34, 16, 1.09
34, 32, 1.10
34, 64, 1.04
34, 128, 1.29
34, 256, 1.26
34, 512, 1.30
34, 1024, 1.49
34, 2048, 1.79
34, 4096, 2.55
34, 8192, 3.53
34, 16384, 7.46
34, 32768, 16.27
34, 65536, 35.89
34, 131072, 79.41
34, 262144, 658.20
34, 524288, 1862.62
34, 1048576, 4796.36
36, 2, 0.88
36, 4, 0.87
36, 8, 0.82
36, 16, 0.81
36, 32, 0.85
36, 64, 0.84
36, 128, 1.09
36, 256, 1.12
36, 512, 1.13
36, 1024, 1.23
36, 2048, 1.56
36, 4096, 2.32
36, 8192, 3.36
36, 16384, 6.85
36, 32768, 15.46
36, 65536, 34.79
36, 131072, 77.65
36, 262144, 702.80
36, 524288, 1939.26
36, 1048576, 4898.86
38, 2, 0.62
38, 4, 0.67
38, 8, 0.69
38, 16, 0.63
38, 32, 0.64
38, 64, 0.66
38, 128, 0.85
38, 256, 0.93
38, 512, 0.93
38, 1024, 1.05
38, 2048, 1.35
38, 4096, 2.08
38, 8192, 2.85
38, 16384, 6.58
38, 32768, 14.74
38, 65536, 33.96
38, 131072, 76.58
38, 262144, 737.59
38, 524288, 2006.56
38, 1048576, 5070.25
40, 2, 0.50
40, 4, 0.57
40, 8, 0.55
40, 16, 0.51
40, 32, 0.52
40, 64, 0.54
40, 128, 0.69
40, 256, 0.73
40, 512, 0.79
40, 1024, 0.89
40, 2048, 1.17
40, 4096, 1.79
40, 8192, 2.72
40, 16384, 6.22
40, 32768, 14.19
40, 65536, 32.84
40, 131072, 74.85
40, 262144, 771.92
40, 524288, 2090.99
--------------------------------------------------------------------------
An ORTE daemon has unexpectedly failed after launch and before
communicating back to mpirun. This could be caused by a number
of factors, including an inability to create a connection back
to mpirun due to a lack of common network interfaces and/or no
route found between them. Please check network connectivity
(including firewalls and network routing requirements).
--------------------------------------------------------------------------
40, 1048576, 
--------------------------------------------------------------------------
An ORTE daemon has unexpectedly failed after launch and before
communicating back to mpirun. This could be caused by a number
of factors, including an inability to create a connection back
to mpirun due to a lack of common network interfaces and/or no
route found between them. Please check network connectivity
(including firewalls and network routing requirements).
--------------------------------------------------------------------------
42, 2, 
--------------------------------------------------------------------------
An ORTE daemon has unexpectedly failed after launch and before
communicating back to mpirun. This could be caused by a number
of factors, including an inability to create a connection back
to mpirun due to a lack of common network interfaces and/or no
route found between them. Please check network connectivity
(including firewalls and network routing requirements).
--------------------------------------------------------------------------
42, 4, 
--------------------------------------------------------------------------
An ORTE daemon has unexpectedly failed after launch and before
communicating back to mpirun. This could be caused by a number
of factors, including an inability to create a connection back
to mpirun due to a lack of common network interfaces and/or no
route found between them. Please check network connectivity
(including firewalls and network routing requirements).
--------------------------------------------------------------------------
42, 8, 
--------------------------------------------------------------------------
An ORTE daemon has unexpectedly failed after launch and before
communicating back to mpirun. This could be caused by a number
of factors, including an inability to create a connection back
to mpirun due to a lack of common network interfaces and/or no
route found between them. Please check network connectivity
(including firewalls and network routing requirements).
--------------------------------------------------------------------------
42, 16, 
--------------------------------------------------------------------------
An ORTE daemon has unexpectedly failed after launch and before
communicating back to mpirun. This could be caused by a number
of factors, including an inability to create a connection back
to mpirun due to a lack of common network interfaces and/or no
route found between them. Please check network connectivity
(including firewalls and network routing requirements).
--------------------------------------------------------------------------
42, 32, 
--------------------------------------------------------------------------
An ORTE daemon has unexpectedly failed after launch and before
communicating back to mpirun. This could be caused by a number
of factors, including an inability to create a connection back
to mpirun due to a lack of common network interfaces and/or no
route found between them. Please check network connectivity
(including firewalls and network routing requirements).
--------------------------------------------------------------------------
42, 64, 
--------------------------------------------------------------------------
An ORTE daemon has unexpectedly failed after launch and before
communicating back to mpirun. This could be caused by a number
of factors, including an inability to create a connection back
to mpirun due to a lack of common network interfaces and/or no
route found between them. Please check network connectivity
(including firewalls and network routing requirements).
--------------------------------------------------------------------------
42, 128, 
--------------------------------------------------------------------------
An ORTE daemon has unexpectedly failed after launch and before
communicating back to mpirun. This could be caused by a number
of factors, including an inability to create a connection back
to mpirun due to a lack of common network interfaces and/or no
route found between them. Please check network connectivity
(including firewalls and network routing requirements).
--------------------------------------------------------------------------
42, 256, 
--------------------------------------------------------------------------
An ORTE daemon has unexpectedly failed after launch and before
communicating back to mpirun. This could be caused by a number
of factors, including an inability to create a connection back
to mpirun due to a lack of common network interfaces and/or no
route found between them. Please check network connectivity
(including firewalls and network routing requirements).
--------------------------------------------------------------------------
42, 512, 
--------------------------------------------------------------------------
An ORTE daemon has unexpectedly failed after launch and before
communicating back to mpirun. This could be caused by a number
of factors, including an inability to create a connection back
to mpirun due to a lack of common network interfaces and/or no
route found between them. Please check network connectivity
(including firewalls and network routing requirements).
--------------------------------------------------------------------------
42, 1024, 
--------------------------------------------------------------------------
An ORTE daemon has unexpectedly failed after launch and before
communicating back to mpirun. This could be caused by a number
of factors, including an inability to create a connection back
to mpirun due to a lack of common network interfaces and/or no
route found between them. Please check network connectivity
(including firewalls and network routing requirements).
--------------------------------------------------------------------------
42, 2048, 
--------------------------------------------------------------------------
An ORTE daemon has unexpectedly failed after launch and before
communicating back to mpirun. This could be caused by a number
of factors, including an inability to create a connection back
to mpirun due to a lack of common network interfaces and/or no
route found between them. Please check network connectivity
(including firewalls and network routing requirements).
--------------------------------------------------------------------------
42, 4096, 
--------------------------------------------------------------------------
An ORTE daemon has unexpectedly failed after launch and before
communicating back to mpirun. This could be caused by a number
of factors, including an inability to create a connection back
to mpirun due to a lack of common network interfaces and/or no
route found between them. Please check network connectivity
(including firewalls and network routing requirements).
--------------------------------------------------------------------------
42, 8192, 
--------------------------------------------------------------------------
An ORTE daemon has unexpectedly failed after launch and before
communicating back to mpirun. This could be caused by a number
of factors, including an inability to create a connection back
to mpirun due to a lack of common network interfaces and/or no
route found between them. Please check network connectivity
(including firewalls and network routing requirements).
--------------------------------------------------------------------------
42, 16384, 
--------------------------------------------------------------------------
An ORTE daemon has unexpectedly failed after launch and before
communicating back to mpirun. This could be caused by a number
of factors, including an inability to create a connection back
to mpirun due to a lack of common network interfaces and/or no
route found between them. Please check network connectivity
(including firewalls and network routing requirements).
--------------------------------------------------------------------------
42, 32768, 
--------------------------------------------------------------------------
An ORTE daemon has unexpectedly failed after launch and before
communicating back to mpirun. This could be caused by a number
of factors, including an inability to create a connection back
to mpirun due to a lack of common network interfaces and/or no
route found between them. Please check network connectivity
(including firewalls and network routing requirements).
--------------------------------------------------------------------------
42, 65536, 
--------------------------------------------------------------------------
An ORTE daemon has unexpectedly failed after launch and before
communicating back to mpirun. This could be caused by a number
of factors, including an inability to create a connection back
to mpirun due to a lack of common network interfaces and/or no
route found between them. Please check network connectivity
(including firewalls and network routing requirements).
--------------------------------------------------------------------------
42, 131072, 
--------------------------------------------------------------------------
An ORTE daemon has unexpectedly failed after launch and before
communicating back to mpirun. This could be caused by a number
of factors, including an inability to create a connection back
to mpirun due to a lack of common network interfaces and/or no
route found between them. Please check network connectivity
(including firewalls and network routing requirements).
--------------------------------------------------------------------------
42, 262144, 
--------------------------------------------------------------------------
An ORTE daemon has unexpectedly failed after launch and before
communicating back to mpirun. This could be caused by a number
of factors, including an inability to create a connection back
to mpirun due to a lack of common network interfaces and/or no
route found between them. Please check network connectivity
(including firewalls and network routing requirements).
--------------------------------------------------------------------------
42, 524288, 
--------------------------------------------------------------------------
An ORTE daemon has unexpectedly failed after launch and before
communicating back to mpirun. This could be caused by a number
of factors, including an inability to create a connection back
to mpirun due to a lack of common network interfaces and/or no
route found between them. Please check network connectivity
(including firewalls and network routing requirements).
--------------------------------------------------------------------------
42, 1048576, 
--------------------------------------------------------------------------
An ORTE daemon has unexpectedly failed after launch and before
communicating back to mpirun. This could be caused by a number
of factors, including an inability to create a connection back
to mpirun due to a lack of common network interfaces and/or no
route found between them. Please check network connectivity
(including firewalls and network routing requirements).
--------------------------------------------------------------------------
44, 2, 
--------------------------------------------------------------------------
An ORTE daemon has unexpectedly failed after launch and before
communicating back to mpirun. This could be caused by a number
of factors, including an inability to create a connection back
to mpirun due to a lack of common network interfaces and/or no
route found between them. Please check network connectivity
(including firewalls and network routing requirements).
--------------------------------------------------------------------------
44, 4, 
--------------------------------------------------------------------------
An ORTE daemon has unexpectedly failed after launch and before
communicating back to mpirun. This could be caused by a number
of factors, including an inability to create a connection back
to mpirun due to a lack of common network interfaces and/or no
route found between them. Please check network connectivity
(including firewalls and network routing requirements).
--------------------------------------------------------------------------
44, 8, 
--------------------------------------------------------------------------
An ORTE daemon has unexpectedly failed after launch and before
communicating back to mpirun. This could be caused by a number
of factors, including an inability to create a connection back
to mpirun due to a lack of common network interfaces and/or no
route found between them. Please check network connectivity
(including firewalls and network routing requirements).
--------------------------------------------------------------------------
44, 16, 
--------------------------------------------------------------------------
An ORTE daemon has unexpectedly failed after launch and before
communicating back to mpirun. This could be caused by a number
of factors, including an inability to create a connection back
to mpirun due to a lack of common network interfaces and/or no
route found between them. Please check network connectivity
(including firewalls and network routing requirements).
--------------------------------------------------------------------------
44, 32, 
--------------------------------------------------------------------------
An ORTE daemon has unexpectedly failed after launch and before
communicating back to mpirun. This could be caused by a number
of factors, including an inability to create a connection back
to mpirun due to a lack of common network interfaces and/or no
route found between them. Please check network connectivity
(including firewalls and network routing requirements).
--------------------------------------------------------------------------
44, 64, 
--------------------------------------------------------------------------
An ORTE daemon has unexpectedly failed after launch and before
communicating back to mpirun. This could be caused by a number
of factors, including an inability to create a connection back
to mpirun due to a lack of common network interfaces and/or no
route found between them. Please check network connectivity
(including firewalls and network routing requirements).
--------------------------------------------------------------------------
44, 128, 
--------------------------------------------------------------------------
An ORTE daemon has unexpectedly failed after launch and before
communicating back to mpirun. This could be caused by a number
of factors, including an inability to create a connection back
to mpirun due to a lack of common network interfaces and/or no
route found between them. Please check network connectivity
(including firewalls and network routing requirements).
--------------------------------------------------------------------------
44, 256, 
--------------------------------------------------------------------------
An ORTE daemon has unexpectedly failed after launch and before
communicating back to mpirun. This could be caused by a number
of factors, including an inability to create a connection back
to mpirun due to a lack of common network interfaces and/or no
route found between them. Please check network connectivity
(including firewalls and network routing requirements).
--------------------------------------------------------------------------
44, 512, 
--------------------------------------------------------------------------
An ORTE daemon has unexpectedly failed after launch and before
communicating back to mpirun. This could be caused by a number
of factors, including an inability to create a connection back
to mpirun due to a lack of common network interfaces and/or no
route found between them. Please check network connectivity
(including firewalls and network routing requirements).
--------------------------------------------------------------------------
44, 1024, 
--------------------------------------------------------------------------
An ORTE daemon has unexpectedly failed after launch and before
communicating back to mpirun. This could be caused by a number
of factors, including an inability to create a connection back
to mpirun due to a lack of common network interfaces and/or no
route found between them. Please check network connectivity
(including firewalls and network routing requirements).
--------------------------------------------------------------------------
44, 2048, 
--------------------------------------------------------------------------
An ORTE daemon has unexpectedly failed after launch and before
communicating back to mpirun. This could be caused by a number
of factors, including an inability to create a connection back
to mpirun due to a lack of common network interfaces and/or no
route found between them. Please check network connectivity
(including firewalls and network routing requirements).
--------------------------------------------------------------------------
44, 4096, 
--------------------------------------------------------------------------
An ORTE daemon has unexpectedly failed after launch and before
communicating back to mpirun. This could be caused by a number
of factors, including an inability to create a connection back
to mpirun due to a lack of common network interfaces and/or no
route found between them. Please check network connectivity
(including firewalls and network routing requirements).
--------------------------------------------------------------------------
44, 8192, 
--------------------------------------------------------------------------
An ORTE daemon has unexpectedly failed after launch and before
communicating back to mpirun. This could be caused by a number
of factors, including an inability to create a connection back
to mpirun due to a lack of common network interfaces and/or no
route found between them. Please check network connectivity
(including firewalls and network routing requirements).
--------------------------------------------------------------------------
44, 16384, 
--------------------------------------------------------------------------
An ORTE daemon has unexpectedly failed after launch and before
communicating back to mpirun. This could be caused by a number
of factors, including an inability to create a connection back
to mpirun due to a lack of common network interfaces and/or no
route found between them. Please check network connectivity
(including firewalls and network routing requirements).
--------------------------------------------------------------------------
44, 32768, 
--------------------------------------------------------------------------
An ORTE daemon has unexpectedly failed after launch and before
communicating back to mpirun. This could be caused by a number
of factors, including an inability to create a connection back
to mpirun due to a lack of common network interfaces and/or no
route found between them. Please check network connectivity
(including firewalls and network routing requirements).
--------------------------------------------------------------------------
44, 65536, 
--------------------------------------------------------------------------
An ORTE daemon has unexpectedly failed after launch and before
communicating back to mpirun. This could be caused by a number
of factors, including an inability to create a connection back
to mpirun due to a lack of common network interfaces and/or no
route found between them. Please check network connectivity
(including firewalls and network routing requirements).
--------------------------------------------------------------------------
44, 131072, 
--------------------------------------------------------------------------
An ORTE daemon has unexpectedly failed after launch and before
communicating back to mpirun. This could be caused by a number
of factors, including an inability to create a connection back
to mpirun due to a lack of common network interfaces and/or no
route found between them. Please check network connectivity
(including firewalls and network routing requirements).
--------------------------------------------------------------------------
44, 262144, 
--------------------------------------------------------------------------
An ORTE daemon has unexpectedly failed after launch and before
communicating back to mpirun. This could be caused by a number
of factors, including an inability to create a connection back
to mpirun due to a lack of common network interfaces and/or no
route found between them. Please check network connectivity
(including firewalls and network routing requirements).
--------------------------------------------------------------------------
44, 524288, 
--------------------------------------------------------------------------
An ORTE daemon has unexpectedly failed after launch and before
communicating back to mpirun. This could be caused by a number
of factors, including an inability to create a connection back
to mpirun due to a lack of common network interfaces and/or no
route found between them. Please check network connectivity
(including firewalls and network routing requirements).
--------------------------------------------------------------------------
44, 1048576, 
--------------------------------------------------------------------------
An ORTE daemon has unexpectedly failed after launch and before
communicating back to mpirun. This could be caused by a number
of factors, including an inability to create a connection back
to mpirun due to a lack of common network interfaces and/or no
route found between them. Please check network connectivity
(including firewalls and network routing requirements).
--------------------------------------------------------------------------
46, 2, 
--------------------------------------------------------------------------
An ORTE daemon has unexpectedly failed after launch and before
communicating back to mpirun. This could be caused by a number
of factors, including an inability to create a connection back
to mpirun due to a lack of common network interfaces and/or no
route found between them. Please check network connectivity
(including firewalls and network routing requirements).
--------------------------------------------------------------------------
46, 4, 
--------------------------------------------------------------------------
An ORTE daemon has unexpectedly failed after launch and before
communicating back to mpirun. This could be caused by a number
of factors, including an inability to create a connection back
to mpirun due to a lack of common network interfaces and/or no
route found between them. Please check network connectivity
(including firewalls and network routing requirements).
--------------------------------------------------------------------------
46, 8, 
--------------------------------------------------------------------------
An ORTE daemon has unexpectedly failed after launch and before
communicating back to mpirun. This could be caused by a number
of factors, including an inability to create a connection back
to mpirun due to a lack of common network interfaces and/or no
route found between them. Please check network connectivity
(including firewalls and network routing requirements).
--------------------------------------------------------------------------
46, 16, 
--------------------------------------------------------------------------
An ORTE daemon has unexpectedly failed after launch and before
communicating back to mpirun. This could be caused by a number
of factors, including an inability to create a connection back
to mpirun due to a lack of common network interfaces and/or no
route found between them. Please check network connectivity
(including firewalls and network routing requirements).
--------------------------------------------------------------------------
46, 32, 
--------------------------------------------------------------------------
An ORTE daemon has unexpectedly failed after launch and before
communicating back to mpirun. This could be caused by a number
of factors, including an inability to create a connection back
to mpirun due to a lack of common network interfaces and/or no
route found between them. Please check network connectivity
(including firewalls and network routing requirements).
--------------------------------------------------------------------------
46, 64, 
--------------------------------------------------------------------------
An ORTE daemon has unexpectedly failed after launch and before
communicating back to mpirun. This could be caused by a number
of factors, including an inability to create a connection back
to mpirun due to a lack of common network interfaces and/or no
route found between them. Please check network connectivity
(including firewalls and network routing requirements).
--------------------------------------------------------------------------
46, 128, 
--------------------------------------------------------------------------
An ORTE daemon has unexpectedly failed after launch and before
communicating back to mpirun. This could be caused by a number
of factors, including an inability to create a connection back
to mpirun due to a lack of common network interfaces and/or no
route found between them. Please check network connectivity
(including firewalls and network routing requirements).
--------------------------------------------------------------------------
46, 256, 
--------------------------------------------------------------------------
An ORTE daemon has unexpectedly failed after launch and before
communicating back to mpirun. This could be caused by a number
of factors, including an inability to create a connection back
to mpirun due to a lack of common network interfaces and/or no
route found between them. Please check network connectivity
(including firewalls and network routing requirements).
--------------------------------------------------------------------------
46, 512, 
--------------------------------------------------------------------------
An ORTE daemon has unexpectedly failed after launch and before
communicating back to mpirun. This could be caused by a number
of factors, including an inability to create a connection back
to mpirun due to a lack of common network interfaces and/or no
route found between them. Please check network connectivity
(including firewalls and network routing requirements).
--------------------------------------------------------------------------
46, 1024, 
--------------------------------------------------------------------------
An ORTE daemon has unexpectedly failed after launch and before
communicating back to mpirun. This could be caused by a number
of factors, including an inability to create a connection back
to mpirun due to a lack of common network interfaces and/or no
route found between them. Please check network connectivity
(including firewalls and network routing requirements).
--------------------------------------------------------------------------
46, 2048, 
--------------------------------------------------------------------------
An ORTE daemon has unexpectedly failed after launch and before
communicating back to mpirun. This could be caused by a number
of factors, including an inability to create a connection back
to mpirun due to a lack of common network interfaces and/or no
route found between them. Please check network connectivity
(including firewalls and network routing requirements).
--------------------------------------------------------------------------
46, 4096, 
--------------------------------------------------------------------------
An ORTE daemon has unexpectedly failed after launch and before
communicating back to mpirun. This could be caused by a number
of factors, including an inability to create a connection back
to mpirun due to a lack of common network interfaces and/or no
route found between them. Please check network connectivity
(including firewalls and network routing requirements).
--------------------------------------------------------------------------
46, 8192, 
--------------------------------------------------------------------------
An ORTE daemon has unexpectedly failed after launch and before
communicating back to mpirun. This could be caused by a number
of factors, including an inability to create a connection back
to mpirun due to a lack of common network interfaces and/or no
route found between them. Please check network connectivity
(including firewalls and network routing requirements).
--------------------------------------------------------------------------
46, 16384, 
--------------------------------------------------------------------------
An ORTE daemon has unexpectedly failed after launch and before
communicating back to mpirun. This could be caused by a number
of factors, including an inability to create a connection back
to mpirun due to a lack of common network interfaces and/or no
route found between them. Please check network connectivity
(including firewalls and network routing requirements).
--------------------------------------------------------------------------
46, 32768, 
--------------------------------------------------------------------------
An ORTE daemon has unexpectedly failed after launch and before
communicating back to mpirun. This could be caused by a number
of factors, including an inability to create a connection back
to mpirun due to a lack of common network interfaces and/or no
route found between them. Please check network connectivity
(including firewalls and network routing requirements).
--------------------------------------------------------------------------
46, 65536, 
--------------------------------------------------------------------------
An ORTE daemon has unexpectedly failed after launch and before
communicating back to mpirun. This could be caused by a number
of factors, including an inability to create a connection back
to mpirun due to a lack of common network interfaces and/or no
route found between them. Please check network connectivity
(including firewalls and network routing requirements).
--------------------------------------------------------------------------
46, 131072, 
--------------------------------------------------------------------------
An ORTE daemon has unexpectedly failed after launch and before
communicating back to mpirun. This could be caused by a number
of factors, including an inability to create a connection back
to mpirun due to a lack of common network interfaces and/or no
route found between them. Please check network connectivity
(including firewalls and network routing requirements).
--------------------------------------------------------------------------
46, 262144, 
--------------------------------------------------------------------------
An ORTE daemon has unexpectedly failed after launch and before
communicating back to mpirun. This could be caused by a number
of factors, including an inability to create a connection back
to mpirun due to a lack of common network interfaces and/or no
route found between them. Please check network connectivity
(including firewalls and network routing requirements).
--------------------------------------------------------------------------
46, 524288, 
--------------------------------------------------------------------------
An ORTE daemon has unexpectedly failed after launch and before
communicating back to mpirun. This could be caused by a number
of factors, including an inability to create a connection back
to mpirun due to a lack of common network interfaces and/or no
route found between them. Please check network connectivity
(including firewalls and network routing requirements).
--------------------------------------------------------------------------
46, 1048576, 
--------------------------------------------------------------------------
An ORTE daemon has unexpectedly failed after launch and before
communicating back to mpirun. This could be caused by a number
of factors, including an inability to create a connection back
to mpirun due to a lack of common network interfaces and/or no
route found between them. Please check network connectivity
(including firewalls and network routing requirements).
--------------------------------------------------------------------------
48, 2, 
--------------------------------------------------------------------------
An ORTE daemon has unexpectedly failed after launch and before
communicating back to mpirun. This could be caused by a number
of factors, including an inability to create a connection back
to mpirun due to a lack of common network interfaces and/or no
route found between them. Please check network connectivity
(including firewalls and network routing requirements).
--------------------------------------------------------------------------
48, 4, 
--------------------------------------------------------------------------
An ORTE daemon has unexpectedly failed after launch and before
communicating back to mpirun. This could be caused by a number
of factors, including an inability to create a connection back
to mpirun due to a lack of common network interfaces and/or no
route found between them. Please check network connectivity
(including firewalls and network routing requirements).
--------------------------------------------------------------------------
48, 8, 
--------------------------------------------------------------------------
An ORTE daemon has unexpectedly failed after launch and before
communicating back to mpirun. This could be caused by a number
of factors, including an inability to create a connection back
to mpirun due to a lack of common network interfaces and/or no
route found between them. Please check network connectivity
(including firewalls and network routing requirements).
--------------------------------------------------------------------------
48, 16, 
--------------------------------------------------------------------------
An ORTE daemon has unexpectedly failed after launch and before
communicating back to mpirun. This could be caused by a number
of factors, including an inability to create a connection back
to mpirun due to a lack of common network interfaces and/or no
route found between them. Please check network connectivity
(including firewalls and network routing requirements).
--------------------------------------------------------------------------
48, 32, 
--------------------------------------------------------------------------
An ORTE daemon has unexpectedly failed after launch and before
communicating back to mpirun. This could be caused by a number
of factors, including an inability to create a connection back
to mpirun due to a lack of common network interfaces and/or no
route found between them. Please check network connectivity
(including firewalls and network routing requirements).
--------------------------------------------------------------------------
48, 64, 
--------------------------------------------------------------------------
An ORTE daemon has unexpectedly failed after launch and before
communicating back to mpirun. This could be caused by a number
of factors, including an inability to create a connection back
to mpirun due to a lack of common network interfaces and/or no
route found between them. Please check network connectivity
(including firewalls and network routing requirements).
--------------------------------------------------------------------------
48, 128, 
--------------------------------------------------------------------------
An ORTE daemon has unexpectedly failed after launch and before
communicating back to mpirun. This could be caused by a number
of factors, including an inability to create a connection back
to mpirun due to a lack of common network interfaces and/or no
route found between them. Please check network connectivity
(including firewalls and network routing requirements).
--------------------------------------------------------------------------
48, 256, 
--------------------------------------------------------------------------
An ORTE daemon has unexpectedly failed after launch and before
communicating back to mpirun. This could be caused by a number
of factors, including an inability to create a connection back
to mpirun due to a lack of common network interfaces and/or no
route found between them. Please check network connectivity
(including firewalls and network routing requirements).
--------------------------------------------------------------------------
48, 512, 
--------------------------------------------------------------------------
An ORTE daemon has unexpectedly failed after launch and before
communicating back to mpirun. This could be caused by a number
of factors, including an inability to create a connection back
to mpirun due to a lack of common network interfaces and/or no
route found between them. Please check network connectivity
(including firewalls and network routing requirements).
--------------------------------------------------------------------------
48, 1024, 
--------------------------------------------------------------------------
An ORTE daemon has unexpectedly failed after launch and before
communicating back to mpirun. This could be caused by a number
of factors, including an inability to create a connection back
to mpirun due to a lack of common network interfaces and/or no
route found between them. Please check network connectivity
(including firewalls and network routing requirements).
--------------------------------------------------------------------------
48, 2048, 
--------------------------------------------------------------------------
An ORTE daemon has unexpectedly failed after launch and before
communicating back to mpirun. This could be caused by a number
of factors, including an inability to create a connection back
to mpirun due to a lack of common network interfaces and/or no
route found between them. Please check network connectivity
(including firewalls and network routing requirements).
--------------------------------------------------------------------------
48, 4096, 
--------------------------------------------------------------------------
An ORTE daemon has unexpectedly failed after launch and before
communicating back to mpirun. This could be caused by a number
of factors, including an inability to create a connection back
to mpirun due to a lack of common network interfaces and/or no
route found between them. Please check network connectivity
(including firewalls and network routing requirements).
--------------------------------------------------------------------------
48, 8192, 
--------------------------------------------------------------------------
An ORTE daemon has unexpectedly failed after launch and before
communicating back to mpirun. This could be caused by a number
of factors, including an inability to create a connection back
to mpirun due to a lack of common network interfaces and/or no
route found between them. Please check network connectivity
(including firewalls and network routing requirements).
--------------------------------------------------------------------------
48, 16384, 
--------------------------------------------------------------------------
An ORTE daemon has unexpectedly failed after launch and before
communicating back to mpirun. This could be caused by a number
of factors, including an inability to create a connection back
to mpirun due to a lack of common network interfaces and/or no
route found between them. Please check network connectivity
(including firewalls and network routing requirements).
--------------------------------------------------------------------------
48, 32768, 
slurmstepd: error: *** JOB 375582 ON thin001 CANCELLED AT 2024-02-27T23:33:48 DUE TO TIME LIMIT ***
