2, 2, 0.71
2, 4, 0.73
2, 8, 0.72
2, 16, 0.74
2, 32, 0.76
2, 64, 0.77
2, 128, 1.32
2, 256, 1.31
2, 512, 1.39
2, 1024, 1.51
2, 2048, 1.98
2, 4096, 2.68
2, 8192, 3.99
2, 16384, 6.86
2, 32768, 12.23
2, 65536, 21.77
2, 131072, 43.20
2, 262144, 21.37
2, 524288, 51.63
2, 1048576, 130.31
4, 2, 1.77
4, 4, 1.69
4, 8, 1.76
4, 16, 1.70
4, 32, 1.95
4, 64, 2.13
4, 128, 2.80
4, 256, 2.69
4, 512, 2.98
4, 1024, 3.15
4, 2048, 4.33
4, 4096, 5.43
4, 8192, 8.11
4, 16384, 12.91
4, 32768, 21.63
4, 65536, 40.96
4, 131072, 76.84
4, 262144, 59.90
4, 524288, 131.24
4, 1048576, 272.76
6, 2, 2.66
6, 4, 2.68
6, 8, 2.66
6, 16, 2.98
6, 32, 3.13
6, 64, 3.14
6, 128, 4.12
6, 256, 4.18
6, 512, 4.52
6, 1024, 4.91
6, 2048, 6.28
6, 4096, 7.98
6, 8192, 11.32
6, 16384, 18.34
6, 32768, 30.60
6, 65536, 56.84
6, 131072, 100.68
6, 262144, 94.54
6, 524288, 194.71
6, 1048576, 473.72
8, 2, 3.91
8, 4, 4.15
8, 8, 3.78
8, 16, 3.92
8, 32, 4.36
8, 64, 4.39
8, 128, 5.47
8, 256, 5.36
8, 512, 5.67
8, 1024, 6.13
8, 2048, 8.32
8, 4096, 10.80
8, 8192, 15.54
8, 16384, 24.21
8, 32768, 41.95
8, 65536, 72.91
8, 131072, 129.21
8, 262144, 136.40
8, 524288, 264.14
8, 1048576, 683.94
10, 2, 4.99
10, 4, 4.94
10, 8, 4.84
10, 16, 4.91
10, 32, 5.74
10, 64, 5.58
10, 128, 7.10
10, 256, 6.92
10, 512, 7.47
10, 1024, 8.13
10, 2048, 10.86
10, 4096, 13.71
10, 8192, 20.11
10, 16384, 31.39
10, 32768, 48.43
10, 65536, 88.41
10, 131072, 162.46
10, 262144, 167.61
10, 524288, 357.33
10, 1048576, 1063.48
12, 2, 6.52
12, 4, 5.86
12, 8, 5.81
12, 16, 5.67
12, 32, 6.72
12, 64, 6.49
12, 128, 8.38
12, 256, 8.30
12, 512, 8.84
12, 1024, 9.75
12, 2048, 12.73
12, 4096, 16.07
12, 8192, 23.03
12, 16384, 36.29
12, 32768, 55.88
12, 65536, 106.73
12, 131072, 192.87
12, 262144, 191.42
12, 524288, 445.33
12, 1048576, 1401.24
14, 2, 6.93
14, 4, 6.57
14, 8, 6.88
14, 16, 6.79
14, 32, 7.66
14, 64, 7.48
14, 128, 9.62
14, 256, 9.79
14, 512, 10.58
14, 1024, 11.66
14, 2048, 14.74
14, 4096, 18.26
14, 8192, 27.04
14, 16384, 40.37
14, 32768, 62.35
14, 65536, 122.58
14, 131072, 220.17
14, 262144, 225.46
14, 524288, 563.53
14, 1048576, 1798.08
16, 2, 7.47
16, 4, 7.45
16, 8, 7.57
16, 16, 7.61
16, 32, 8.62
16, 64, 8.23
16, 128, 10.66
16, 256, 10.57
16, 512, 11.38
16, 1024, 12.19
16, 2048, 16.48
16, 4096, 21.22
16, 8192, 30.96
16, 16384, 45.98
16, 32768, 72.02
16, 65536, 139.56
16, 131072, 243.85
16, 262144, 259.52
16, 524288, 668.25
16, 1048576, 2144.64
18, 2, 8.75
18, 4, 8.37
18, 8, 8.48
18, 16, 8.35
18, 32, 9.94
18, 64, 9.75
18, 128, 11.93
18, 256, 11.93
18, 512, 12.95
18, 1024, 14.51
18, 2048, 18.89
18, 4096, 23.51
18, 8192, 34.38
18, 16384, 52.96
18, 32768, 80.09
18, 65536, 148.53
18, 131072, 277.43
18, 262144, 300.99
18, 524288, 862.79
18, 1048576, 2517.44
20, 2, 9.35
20, 4, 9.37
20, 8, 9.27
20, 16, 9.21
20, 32, 10.80
20, 64, 10.57
20, 128, 13.31
20, 256, 13.29
20, 512, 14.43
20, 1024, 16.25
20, 2048, 21.80
20, 4096, 27.29
20, 8192, 40.65
20, 16384, 58.11
20, 32768, 90.95
20, 65536, 166.12
20, 131072, 313.78
20, 262144, 337.56
20, 524288, 1008.64
20, 1048576, 2834.30
22, 2, 10.30
22, 4, 10.25
22, 8, 10.27
22, 16, 10.27
22, 32, 12.04
22, 64, 11.62
22, 128, 14.52
22, 256, 14.56
22, 512, 15.76
22, 1024, 17.60
22, 2048, 23.44
22, 4096, 30.17
22, 8192, 44.85
22, 16384, 64.27
22, 32768, 100.48
22, 65536, 181.03
22, 131072, 346.38
22, 262144, 377.69
22, 524288, 1197.86
22, 1048576, 3155.11
24, 2, 11.13
24, 4, 11.37
24, 8, 11.29
24, 16, 11.14
24, 32, 12.54
24, 64, 12.69
24, 128, 15.61
24, 256, 16.65
24, 512, 17.20
24, 1024, 19.34
24, 2048, 26.08
24, 4096, 32.85
24, 8192, 49.31
24, 16384, 69.91
24, 32768, 109.71
24, 65536, 205.82
24, 131072, 373.90
24, 262144, 440.03
24, 524288, 1432.91
24, 1048576, 3654.22
26, 2, 11.91
26, 4, 11.98
26, 8, 12.05
26, 16, 12.15
26, 32, 13.45
26, 64, 13.27
26, 128, 17.80
26, 256, 17.62
26, 512, 19.02
26, 1024, 21.67
26, 2048, 27.95
26, 4096, 35.93
26, 8192, 52.93
26, 16384, 74.76
26, 32768, 117.19
26, 65536, 213.05
26, 131072, 394.34
26, 262144, 487.53
26, 524288, 1478.60
26, 1048576, 3830.19
28, 2, 13.21
28, 4, 12.80
28, 8, 13.36
28, 16, 13.22
28, 32, 15.00
28, 64, 15.28
28, 128, 18.75
28, 256, 19.04
28, 512, 21.03
28, 1024, 23.20
28, 2048, 29.74
28, 4096, 37.96
28, 8192, 57.43
28, 16384, 80.12
28, 32768, 128.25
28, 65536, 224.19
28, 131072, 418.42
28, 262144, 527.71
28, 524288, 1575.03
28, 1048576, 4111.70
30, 2, 13.94
30, 4, 13.86
30, 8, 14.03
30, 16, 14.47
30, 32, 16.73
30, 64, 16.27
30, 128, 20.37
30, 256, 20.79
30, 512, 22.01
30, 1024, 25.49
30, 2048, 33.09
30, 4096, 40.93
30, 8192, 62.51
30, 16384, 86.57
30, 32768, 137.18
30, 65536, 236.05
30, 131072, 443.50
30, 262144, 576.73
30, 524288, 1686.57
30, 1048576, 4346.41
32, 2, 16.78
32, 4, 17.30
32, 8, 16.91
32, 16, 16.78
32, 32, 19.41
32, 64, 19.06
32, 128, 23.42
32, 256, 23.84
32, 512, 25.28
32, 1024, 27.57
32, 2048, 35.91
32, 4096, 44.61
32, 8192, 65.82
32, 16384, 93.98
32, 32768, 150.22
32, 65536, 254.19
32, 131072, 488.26
32, 262144, 629.45
32, 524288, 1765.37
32, 1048576, 4564.08
34, 2, 19.48
34, 4, 19.84
34, 8, 20.38
34, 16, 20.88
34, 32, 22.34
34, 64, 22.50
34, 128, 26.89
34, 256, 27.40
34, 512, 29.59
34, 1024, 31.82
34, 2048, 40.95
34, 4096, 51.90
34, 8192, 72.02
34, 16384, 101.62
34, 32768, 161.53
34, 65536, 269.26
34, 131072, 516.45
slurmstepd: error: *** JOB 376681 ON thin001 CANCELLED AT 2024-02-29T20:46:55 DUE TO TIME LIMIT ***
--------------------------------------------------------------------------
ORTE has lost communication with a remote daemon.

  HNP daemon   : [[40928,0],0] on node thin001
  Remote daemon: [[40928,0],1] on node thin002

This is usually due to either a failure of the TCP network
connection to the node, or possibly an internal failure of
the daemon itself. We cannot recover from this failure, and
therefore will terminate the job.
--------------------------------------------------------------------------
